<?xml version="1.0" encoding="UTF-8"?>
<testsuites name="jest tests" tests="1" failures="0" errors="0" time="16.042">
  <testsuite name="CoursesComponent" errors="0" failures="0" skipped="0" timestamp="2025-04-22T12:50:43" time="4.869" tests="1">
    <testcase classname="CoursesComponent should create" name="CoursesComponent should create" time="0.043">
    </testcase>
  </testsuite>
</testsuites>