<?xml version="1.0" encoding="UTF-8"?>
<testsuites name="jest tests" tests="2" failures="0" errors="0" time="21.213">
  <testsuite name="CoursesComponent" errors="0" failures="0" skipped="0" timestamp="2025-04-23T15:35:36" time="6.594" tests="1">
    <testcase classname="CoursesComponent should create" name="CoursesComponent should create" time="0.067">
    </testcase>
  </testsuite>
  <testsuite name="CoursesListComponent" errors="0" failures="0" skipped="0" timestamp="2025-04-23T15:35:36" time="8.008" tests="1">
    <testcase classname="CoursesListComponent should create" name="CoursesListComponent should create" time="0.068">
    </testcase>
  </testsuite>
</testsuites>